<?xml version="1.0" encoding="UTF-8"?>
<testng-results skipped="0" failed="0" total="1" passed="1">
  <reporter-output>
  </reporter-output>
  <suite name="Default suite" duration-ms="454" started-at="2020-05-03T08:05:24Z" finished-at="2020-05-03T08:05:25Z">
    <groups>
    </groups>
    <test name="Default test" duration-ms="454" started-at="2020-05-03T08:05:24Z" finished-at="2020-05-03T08:05:25Z">
      <class name="excelReader_Package.Snippet">
        <test-method status="PASS" signature="redingExcelData()[pri:0, instance:excelReader_Package.Snippet@ae45eb6]" name="redingExcelData" duration-ms="439" started-at="2020-05-03T13:35:24Z" finished-at="2020-05-03T13:35:25Z">
          <reporter-output>
          </reporter-output>
        </test-method> <!-- redingExcelData -->
      </class> <!-- excelReader_Package.Snippet -->
    </test> <!-- Default test -->
  </suite> <!-- Default suite -->
</testng-results>
